\BOOKMARK [1][]{section.1}{\376\377\0001\000\040\000O\000g\000\363\000l\000n\000e\000\040\000o\000k\000r\000e\001\133\000l\000e\000n\000i\000e\000\040\000w\000y\000m\000a\000g\000a\001\104}{}% 1
\BOOKMARK [1][]{section.2}{\376\377\0002\000\040\000A\000n\000a\000l\000i\000z\000a\000\040\000p\000r\000o\000b\000l\000e\000m\000u}{}% 2
\BOOKMARK [2][-]{subsection.2.1}{\376\377\0002\000.\0001\000\040\000D\000r\000z\000e\000w\000o\000\040\000B\000S\000T}{section.2}% 3
\BOOKMARK [2][-]{subsection.2.2}{\376\377\0002\000.\0002\000\040\000G\000i\000t}{section.2}% 4
\BOOKMARK [2][-]{subsection.2.3}{\376\377\0002\000.\0003\000\040\000D\000o\000x\000y\000g\000e\000n}{section.2}% 5
\BOOKMARK [1][]{section.3}{\376\377\0003\000\040\000P\000r\000o\000j\000e\000k\000t\000o\000w\000a\000n\000i\000e}{}% 6
\BOOKMARK [2][-]{subsection.3.1}{\376\377\0003\000.\0001\000\040\000I\000m\000p\000l\000e\000m\000e\000n\000t\000a\000c\000j\000a\000\040\000d\000r\000z\000e\000w\000a\000\040\000B\000T\000S}{section.3}% 7
\BOOKMARK [2][-]{subsection.3.2}{\376\377\0003\000.\0002\000\040\000G\000i\000t}{section.3}% 8
\BOOKMARK [2][-]{subsection.3.3}{\376\377\0003\000.\0003\000\040\000D\000o\000x\000y\000g\000e\000n}{section.3}% 9
\BOOKMARK [1][]{section.4}{\376\377\0004\000\040\000I\000m\000p\000l\000e\000m\000e\000n\000t\000a\000c\000j\000a}{}% 10
\BOOKMARK [2][-]{subsection.4.1}{\376\377\0004\000.\0001\000\040\000O\000g\000\363\000l\000n\000e\000\040\000i\000n\000f\000o\000r\000m\000a\000c\000j\000e\000\040\000o\000\040\000i\000m\000p\000l\000e\000m\000e\000n\000t\000a\000c\000j\000i\000\040\000k\000l\000a\000s}{section.4}% 11
\BOOKMARK [3][-]{subsubsection.4.1.1}{\376\377\0004\000.\0001\000.\0001\000\040\000K\000l\000a\000s\000a\000\040\000B\000S\000T\000T\000r\000e\000e}{subsection.4.1}% 12
\BOOKMARK [3][-]{subsubsection.4.1.2}{\376\377\0004\000.\0001\000.\0002\000\040\000K\000l\000a\000s\000a\000\040\000F\000i\000l\000e\000T\000r\000e\000e}{subsection.4.1}% 13
\BOOKMARK [3][-]{subsubsection.4.1.3}{\376\377\0004\000.\0001\000.\0003\000\040\000K\000l\000a\000s\000a\000\040\000m\000a\000i\000n}{subsection.4.1}% 14
\BOOKMARK [2][-]{subsection.4.2}{\376\377\0004\000.\0002\000\040\000C\000i\000e\000k\000a\000w\000e\000\040\000f\000r\000a\000g\000m\000e\000n\000t\000y\000\040\000k\000o\000d\000u}{section.4}% 15
\BOOKMARK [1][]{section.5}{\376\377\0005\000\040\000W\000n\000i\000o\000s\000k\000i}{}% 16
\BOOKMARK [1][]{section.5}{\376\377\000L\000i\000t\000e\000r\000a\000t\000u\000r\000a}{}% 17
\BOOKMARK [1][]{section*.9}{\376\377\000S\000p\000i\000s\000\040\000r\000y\000s\000u\000n\000k\000\363\000w}{}% 18
\BOOKMARK [1][]{section*.9}{\376\377\000S\000p\000i\000s\000\040\000t\000a\000b\000e\000l}{}% 19
\BOOKMARK [1][]{section*.9}{\376\377\000S\000p\000i\000s\000\040\000l\000i\000s\000t\000i\000n\000g\000\363\000w}{}% 20
